Performing C SOURCE FILE Test CMAKE_HAVE_LIBC_PTHREAD failed with the following output:
Change Dir: /home/rober/src/inf-industrial-project/build-Barker-Desktop-Debug/CMakeFiles/CMakeTmp

Run Build Command(s):/usr/bin/make cmTC_28a58/fast && /usr/bin/make  -f CMakeFiles/cmTC_28a58.dir/build.make CMakeFiles/cmTC_28a58.dir/build
make[1]: Entering directory '/home/rober/src/inf-industrial-project/build-Barker-Desktop-Debug/CMakeFiles/CMakeTmp'
Building C object CMakeFiles/cmTC_28a58.dir/src.c.o
/usr/bin/gcc   -DCMAKE_HAVE_LIBC_PTHREAD   -o CMakeFiles/cmTC_28a58.dir/src.c.o   -c /home/rober/src/inf-industrial-project/build-Barker-Desktop-Debug/CMakeFiles/CMakeTmp/src.c
Linking C executable cmTC_28a58
/usr/bin/cmake -E cmake_link_script CMakeFiles/cmTC_28a58.dir/link.txt --verbose=1
/usr/bin/gcc  -DCMAKE_HAVE_LIBC_PTHREAD    -rdynamic CMakeFiles/cmTC_28a58.dir/src.c.o  -o cmTC_28a58 
/usr/bin/ld: CMakeFiles/cmTC_28a58.dir/src.c.o: in function `main':
src.c:(.text+0x3e): undefined reference to `pthread_create'
/usr/bin/ld: src.c:(.text+0x4a): undefined reference to `pthread_detach'
/usr/bin/ld: src.c:(.text+0x56): undefined reference to `pthread_cancel'
/usr/bin/ld: src.c:(.text+0x67): undefined reference to `pthread_join'
collect2: error: ld returned 1 exit status
make[1]: *** [CMakeFiles/cmTC_28a58.dir/build.make:107: cmTC_28a58] Error 1
make[1]: Leaving directory '/home/rober/src/inf-industrial-project/build-Barker-Desktop-Debug/CMakeFiles/CMakeTmp'
make: *** [Makefile:141: cmTC_28a58/fast] Error 2


Source file was:
#include <pthread.h>

void* test_func(void* data)
{
  return data;
}

int main(void)
{
  pthread_t thread;
  pthread_create(&thread, NULL, test_func, NULL);
  pthread_detach(thread);
  pthread_cancel(thread);
  pthread_join(thread, NULL);
  pthread_atfork(NULL, NULL, NULL);
  pthread_exit(NULL);

  return 0;
}

Determining if the function pthread_create exists in the pthreads failed with the following output:
Change Dir: /home/rober/src/inf-industrial-project/build-Barker-Desktop-Debug/CMakeFiles/CMakeTmp

Run Build Command(s):/usr/bin/make cmTC_44737/fast && /usr/bin/make  -f CMakeFiles/cmTC_44737.dir/build.make CMakeFiles/cmTC_44737.dir/build
make[1]: Entering directory '/home/rober/src/inf-industrial-project/build-Barker-Desktop-Debug/CMakeFiles/CMakeTmp'
Building C object CMakeFiles/cmTC_44737.dir/CheckFunctionExists.c.o
/usr/bin/gcc   -DCHECK_FUNCTION_EXISTS=pthread_create   -o CMakeFiles/cmTC_44737.dir/CheckFunctionExists.c.o   -c /usr/share/cmake-3.17/Modules/CheckFunctionExists.c
Linking C executable cmTC_44737
/usr/bin/cmake -E cmake_link_script CMakeFiles/cmTC_44737.dir/link.txt --verbose=1
/usr/bin/gcc  -DCHECK_FUNCTION_EXISTS=pthread_create    -rdynamic CMakeFiles/cmTC_44737.dir/CheckFunctionExists.c.o  -o cmTC_44737  -lpthreads 
/usr/bin/ld: cannot find -lpthreads
collect2: error: ld returned 1 exit status
make[1]: *** [CMakeFiles/cmTC_44737.dir/build.make:107: cmTC_44737] Error 1
make[1]: Leaving directory '/home/rober/src/inf-industrial-project/build-Barker-Desktop-Debug/CMakeFiles/CMakeTmp'
make: *** [Makefile:141: cmTC_44737/fast] Error 2



